11:19:03,012 WARN  [prefs] Could not open/create prefs root node Software\JavaSoft\Prefs at root 0x80000002. Windows RegCreateKeyEx(...) returned error code 5.
11:19:05,112 INFO  [JmeSystem] Running on jMonkeyEngine 3.1-stable
 * Branch: HEAD
 * Git Hash: af04bf9
 * Build Date: 2017-02-13
11:19:05,856 INFO  [LwjglContext] LWJGL 2.9.3 context running on thread jME3 Main
 * Graphics Adapter: C:\WINDOWS\System32\DriverStore\FileRepository\nv_dispi.inf_amd64_2a6e383a1adc0e24\nvd3dumx,C:\WINDOWS\System32\DriverStore\FileRepository\nv_dispi.inf_amd64_2a6e383a1adc0e24\nvwgf2umx,C:\WINDOWS\System32\DriverStore\FileRepository\nv_dispi.inf_amd64_2a6e383a1adc0e24\nvwgf2umx,C:\WINDOWS\System32\DriverStore\FileRepository\nv_dispi.inf_amd64_2a6e383a1adc0e24\nvwgf2umx
 * Driver Version: 21.21.13.7878
 * Scaling Factor: 1
11:19:05,874 INFO  [GLRenderer] OpenGL Renderer Information
 * Vendor: NVIDIA Corporation
 * Renderer: GeForce GTX 780/PCIe/SSE2
 * OpenGL Version: 4.5.0 NVIDIA 378.78
 * GLSL Version: 4.50 NVIDIA
 * Profile: Compatibility
11:19:05,899 WARN  [AssetConfig] Cannot find loader com.jme3.scene.plugins.ogre.MeshLoader
11:19:05,900 WARN  [AssetConfig] Cannot find loader com.jme3.scene.plugins.ogre.SkeletonLoader
11:19:05,901 WARN  [AssetConfig] Cannot find loader com.jme3.scene.plugins.ogre.MaterialLoader
11:19:05,901 WARN  [AssetConfig] Cannot find loader com.jme3.scene.plugins.ogre.SceneLoader
11:19:05,902 WARN  [AssetConfig] Cannot find loader com.jme3.scene.plugins.blender.BlenderModelLoader
11:19:05,903 WARN  [AssetConfig] Cannot find loader com.jme3.scene.plugins.fbx.FbxLoader
11:19:05,905 WARN  [AssetConfig] Cannot find loader com.jme3.audio.plugins.OGGLoader
11:19:05,929 WARN  [DefaultControllerEnvironment] Found unknown Windows version: Windows 10
11:19:05,929 INFO  [DefaultControllerEnvironment] Attempting to use default windows plug-in.
11:19:05,930 INFO  [DefaultControllerEnvironment] Loading: net.java.games.input.DirectAndRawInputEnvironmentPlugin
11:19:06,142 INFO  [ALAudioRenderer] Audio Renderer Information
 * Device: OpenAL Soft
 * Vendor: OpenAL Community
 * Renderer: OpenAL Soft
 * Version: 1.1 ALSOFT 1.15.1
 * Supported channels: 64
 * ALC extensions: ALC_ENUMERATE_ALL_EXT ALC_ENUMERATION_EXT ALC_EXT_CAPTURE ALC_EXT_DEDICATED ALC_EXT_disconnect ALC_EXT_EFX ALC_EXT_thread_local_context ALC_SOFT_loopback
 * AL extensions: AL_EXT_ALAW AL_EXT_DOUBLE AL_EXT_EXPONENT_DISTANCE AL_EXT_FLOAT32 AL_EXT_IMA4 AL_EXT_LINEAR_DISTANCE AL_EXT_MCFORMATS AL_EXT_MULAW AL_EXT_MULAW_MCFORMATS AL_EXT_OFFSET AL_EXT_source_distance_model AL_LOKI_quadriphonic AL_SOFT_buffer_samples AL_SOFT_buffer_sub_data AL_SOFTX_deferred_updates AL_SOFT_direct_channels AL_SOFT_loop_points AL_SOFT_source_latency
11:19:06,142 WARN  [ALAudioRenderer] Pausing audio device not supported.
11:19:06,142 INFO  [ALAudioRenderer] Audio effect extension version: 1.0
11:19:06,143 INFO  [ALAudioRenderer] Audio max auxiliary sends: 4
11:19:06,216 INFO  [GuiGlobals] Initializing GuiGlobals with:com.simsilica.lemur.GuiGlobals@6ac9792d
11:19:06,225 INFO  [GuiGlobals] Lemur build date:20161119
11:19:06,226 INFO  [BaseStyles] loadStyleResource(com/simsilica/lemur/style/base/glass-styles.groovy)
11:19:06,574 INFO  [BaseStyles] Loading base resource:jar:file:/C:/Users/Asser/.gradle/caches/modules-2/files-2.1/com.simsilica/lemur/1.9.1/4cf0982db2f5e436577ac723607c8a5d432ac3f1/lemur-1.9.1.jar!/com/simsilica/lemur/style/base/glass-styles.groovy
11:19:07,010 INFO  [BaseStyles] Loading extension resources for:com/simsilica/lemur/style/base/glass-styles.groovy
11:19:07,011 INFO  [BaseStyles] Loading extension resource:jar:file:/C:/Users/Asser/.gradle/caches/modules-2/files-2.1/com.simsilica/lemur-proto/1.8.1/c6635fe7ce1dc9abe7283f175c0e62ab3a905fec/lemur-proto-1.8.1.jar!/com/simsilica/lemur/style/base/glass-styles.groovy
11:19:08,071 INFO  [MainMenuState] Host a game on port:4271
11:19:08,072 INFO  [MainMenuState] Description:
11:19:08,072 INFO  [MainMenuState] This a game server.
There are many like it
but this one is mine.
11:19:08,157 INFO  [GameServer] Initializing game systems...
11:19:08,157 TRACE [GameSystemManager] initialize()
11:19:08,158 TRACE [GameSystemManager] initializing:com.simsilica.sim.TaskDispatcher@70e19ddc
11:19:08,158 TRACE [GameSystemManager] initializing:example.sim.SimplePhysics@3708a347
11:19:08,257 TRACE [GameSystemManager] initializing:example.es.states.DecayState@6a2c1168
11:19:08,257 TRACE [GameSystemManager] initializing:example.es.states.HealthService@723d7294
11:19:08,258 TRACE [GameSystemManager] initializing:example.es.states.BountyState@14573c50
11:19:08,259 TRACE [GameSystemManager] initializing:example.es.states.AttackState@4578d8d9
11:19:12,213 TRACE [GameSystemManager] initializing:example.net.server.ZoneNetworkSystem@7284be5f
11:19:12,213 TRACE [GameSystemManager] initializing:com.simsilica.es.server.EntityUpdater@4443edad
11:19:12,213 TRACE [GameSystemManager] initializing:example.sim.BodyPositionPublisher@2a2ce088
11:19:12,213 TRACE [GameSystemManager] initializing:example.sim.BasicEnvironment@29915b04
11:19:12,214 INFO  [GameServer] Starting game server...
11:19:12,214 TRACE [GameSystemManager] start()
11:19:12,214 TRACE [GameSystemManager] starting:com.simsilica.sim.TaskDispatcher@70e19ddc
11:19:12,214 TRACE [GameSystemManager] starting:example.sim.SimplePhysics@3708a347
11:19:12,216 TRACE [GameSystemManager] starting:example.es.states.DecayState@6a2c1168
11:19:12,216 TRACE [GameSystemManager] starting:example.es.states.HealthService@723d7294
11:19:12,216 TRACE [GameSystemManager] starting:example.es.states.BountyState@14573c50
11:19:12,216 TRACE [GameSystemManager] starting:example.es.states.AttackState@4578d8d9
11:19:12,216 TRACE [GameSystemManager] starting:example.net.server.ZoneNetworkSystem@7284be5f
11:19:12,216 TRACE [GameSystemManager] starting:com.simsilica.es.server.EntityUpdater@4443edad
11:19:12,216 TRACE [GameSystemManager] starting:example.sim.BodyPositionPublisher@2a2ce088
11:19:12,216 TRACE [GameSystemManager] starting:example.sim.BasicEnvironment@29915b04
11:19:12,302 INFO  [StateCollector] Starting state collector.
11:19:12,303 INFO  [GameServer] Game server started.
11:19:27,406 INFO  [HostState] joinGame()
11:19:27,414 INFO  [ConnectionState] Creating game client for:127.0.0.1 4271
11:19:27,415 INFO  [GameClient] Connecting to:127.0.0.1 4271
11:19:27,426 INFO  [SerializerRegistrationsMessage] Skipping registration of SerializerRegistrationsMessage.
11:19:27,429 INFO  [GameClient] Adding services...
11:19:27,441 DEBUG [AccountClientService] onInitialize(com.jme3.network.service.ClientServiceManager[services=[com.jme3.network.service.serializer.ClientSerializerRegistrationsService[serviceManager.class=class com.jme3.network.service.ClientServiceManager], com.jme3.network.service.rpc.RpcClientService[serviceManager.class=class com.jme3.network.service.ClientServiceManager], com.jme3.network.service.rmi.RmiClientService[serviceManager.class=class com.jme3.network.service.ClientServiceManager], example.net.client.AccountClientService[serviceManager.class=class com.jme3.network.service.ClientServiceManager]]])
11:19:27,441 DEBUG [AccountClientService] Sharing session callback.
11:19:27,442 DEBUG [GameSessionClientService] onInitialize(com.jme3.network.service.ClientServiceManager[services=[com.jme3.network.service.serializer.ClientSerializerRegistrationsService[serviceManager.class=class com.jme3.network.service.ClientServiceManager], com.jme3.network.service.rpc.RpcClientService[serviceManager.class=class com.jme3.network.service.ClientServiceManager], com.jme3.network.service.rmi.RmiClientService[serviceManager.class=class com.jme3.network.service.ClientServiceManager], example.net.client.AccountClientService[serviceManager.class=class com.jme3.network.service.ClientServiceManager], example.net.client.GameSessionClientService[serviceManager.class=class com.jme3.network.service.ClientServiceManager]]])
11:19:27,442 DEBUG [GameSessionClientService] Sharing session callback.
11:19:27,445 DEBUG [ChatClientService] onInitialize(com.jme3.network.service.ClientServiceManager[services=[com.jme3.network.service.serializer.ClientSerializerRegistrationsService[serviceManager.class=class com.jme3.network.service.ClientServiceManager], com.jme3.network.service.rpc.RpcClientService[serviceManager.class=class com.jme3.network.service.ClientServiceManager], com.jme3.network.service.rmi.RmiClientService[serviceManager.class=class com.jme3.network.service.ClientServiceManager], example.net.client.AccountClientService[serviceManager.class=class com.jme3.network.service.ClientServiceManager], example.net.client.GameSessionClientService[serviceManager.class=class com.jme3.network.service.ClientServiceManager], com.simsilica.es.client.EntityDataClientService[serviceManager.class=class com.jme3.network.service.ClientServiceManager], example.net.chat.client.ChatClientService[serviceManager.class=class com.jme3.network.service.ClientServiceManager]]])
11:19:27,445 DEBUG [ChatClientService] Sharing session callback.
11:19:27,450 INFO  [SharedObjectUpdater] onInitialize()
11:19:27,450 INFO  [ConnectionState] Connection established:example.net.client.GameClient@23e553be
11:19:27,451 INFO  [ConnectionState] Starting client...
11:19:27,451 INFO  [GameClient] start()
11:19:27,453 INFO  [ConnectionState] Client started.
11:19:27,456 INFO  [ConnectionState] Connection established:example.net.client.GameClient@23e553be
11:19:27,461 INFO  [MessageDebugger] Received:com.jme3.network.message.SerializerRegistrationsMessage@7706e88b
11:19:27,461 INFO  [SerializerRegistrationsMessage] Skipping registration as registry is locked, presumably by a local server process.
11:19:27,960 DEBUG [AccountHostedService] startHostingOnConnection(Connection[ id=0, reliable=NioEndpoint[1, java.nio.channels.SocketChannel[connected local=/127.0.0.1:4271 remote=/127.0.0.1:55547]], fast=UdpEndpoint[1, /127.0.0.1:52871] ])
11:19:27,963 INFO  [MessageDebugger] Received:RpcCallMessage[#-1, channel=-2, async, objId=-1, procId=0, args.length=1]
11:19:27,963 INFO  [MessageDebugger] Received:RpcCallMessage[#-1, channel=-2, async, objId=-1, procId=1, args.length=4]
11:19:27,966 DEBUG [AccountClientService] start()
11:19:27,966 DEBUG [AccountClientService] delegate:RemoteObject[#1, example.net.AccountSession]
11:19:27,966 DEBUG [GameSessionClientService] start()
11:19:27,966 DEBUG [ChatClientService] start()
11:19:27,966 INFO  [SharedObjectUpdater] start()
11:19:27,968 INFO  [ConnectionState] clientConnected(com.jme3.network.base.DefaultClient@3618d699)
11:19:27,972 INFO  [ConnectionState] onConnected()
11:19:27,975 INFO  [MessageDebugger] Received:RpcResponseMessage[#0, result=This a game server.
There are many like it
but this one is mine.]
11:19:27,976 DEBUG [ConnectionState] Server info:This a game server.
There are many like it
but this one is mine.
11:19:28,390 INFO  [ConnectionState] join(Asser)
11:19:28,391 INFO  [AccountHostedService] login(Asser)
11:19:28,391 INFO  [AccountHostedService] Created player entity:EntityId[64] for:Asser
11:19:28,392 DEBUG [AccountHostedService] publishing playerLoggedOn event for:Connection[ id=0, reliable=NioEndpoint[1, java.nio.channels.SocketChannel[connected local=/127.0.0.1:4271 remote=/127.0.0.1:55547]], fast=UdpEndpoint[1, /127.0.0.1:52871] ]
11:19:28,392 INFO  [MessageDebugger] Received:RpcCallMessage[#-1, channel=-2, async, objId=1, procId=0, args.length=1]
11:19:28,392 DEBUG [GameSessionHostedService] onPlayerLoggedOn()
11:19:28,392 DEBUG [GameSessionHostedService] startHostingOnConnection(Connection[ id=0, reliable=NioEndpoint[1, java.nio.channels.SocketChannel[connected local=/127.0.0.1:4271 remote=/127.0.0.1:55547]], fast=UdpEndpoint[1, /127.0.0.1:52871] ])
11:19:28,397 INFO  [MessageDebugger] Received:RpcCallMessage[#-1, channel=-2, async, objId=-1, procId=0, args.length=1]
11:19:28,398 INFO  [MessageDebugger] Received:RpcCallMessage[#-1, channel=-2, async, objId=-1, procId=1, args.length=4]
11:19:28,400 DEBUG [ChatHostedService] startHostingOnConnection(Connection[ id=0, reliable=NioEndpoint[1, java.nio.channels.SocketChannel[connected local=/127.0.0.1:4271 remote=/127.0.0.1:55547]], fast=UdpEndpoint[1, /127.0.0.1:52871] ])
11:19:28,401 INFO  [MessageDebugger] Received:RpcCallMessage[#-1, channel=-2, async, objId=-1, procId=0, args.length=1]
11:19:28,401 INFO  [MessageDebugger] Received:RpcCallMessage[#-1, channel=-2, async, objId=-1, procId=1, args.length=4]
11:19:28,419 INFO  [MessageDebugger] Received:EntityDataMessage[0, [ComponentData[EntityId[65], [BodyPosition[null]]]]]
11:19:28,419 INFO  [MessageDebugger] Received:ComponentChangeMessage[[EntityChange[EntityId[65], BodyPosition[null], class example.es.BodyPosition]]]
11:19:28,445 INFO  [MessageDebugger] Object state updates started.
11:19:28,559 INFO  [PlayerMovementState] initialize()
11:19:28,559 INFO  [MessageDebugger] Received:EntityDataMessage[1, [ComponentData[EntityId[65], [ObjectType[type=1], BodyPosition[null]]]]]
11:19:28,560 INFO  [PlayerMovementState] onEnable()
11:19:28,564 INFO  [MessageDebugger] Received:EntityDataMessage[2, [ComponentData[EntityId[0], [ObjectType[type=0], Position{location=Vec3[-384.0, -384.0, -384.0], facing=Quatd[-0.7071067811865475, 0.0, 0.0, 0.7071067811865476], rotation=0.0}]], ComponentData[EntityId[1], [ObjectType[type=0], Position{location=Vec3[-384.0, -384.0, -128.0], facing=Quatd[-0.7071067811865475, 0.0, 0.0, 0.7071067811865476], rotation=0.0}]], ComponentData[EntityId[2], [ObjectType[type=0], Position{location=Vec3[-384.0, -384.0, 128.0], facing=Quatd[-0.7071067811865475, 0.0, 0.0, 0.7071067811865476], rotation=0.0}]], ComponentData[EntityId[3], [ObjectType[type=0], Position{location=Vec3[-384.0, -384.0, 384.0], facing=Quatd[-0.7071067811865475, 0.0, 0.0, 0.7071067811865476], rotation=0.0}]], ComponentData[EntityId[4], [ObjectType[type=0], Position{location=Vec3[-384.0, -128.0, -384.0], facing=Quatd[-0.7071067811865475, 0.0, 0.0, 0.7071067811865476], rotation=0.0}]], ComponentData[EntityId[5], [ObjectType[type=0], Position{location=Vec3[-384.0, -128.0, -128.0], facing=Quatd[-0.7071067811865475, 0.0, 0.0, 0.7071067811865476], rotation=0.0}]], ComponentData[EntityId[6], [ObjectType[type=0], Position{location=Vec3[-384.0, -128.0, 128.0], facing=Quatd[-0.7071067811865475, 0.0, 0.0, 0.7071067811865476], rotation=0.0}]], ComponentData[EntityId[7], [ObjectType[type=0], Position{location=Vec3[-384.0, -128.0, 384.0], facing=Quatd[-0.7071067811865475, 0.0, 0.0, 0.7071067811865476], rotation=0.0}]], ComponentData[EntityId[8], [ObjectType[type=0], Position{location=Vec3[-384.0, 128.0, -384.0], facing=Quatd[-0.7071067811865475, 0.0, 0.0, 0.7071067811865476], rotation=0.0}]], ComponentData[EntityId[9], [ObjectType[type=0], Position{location=Vec3[-384.0, 128.0, -128.0], facing=Quatd[-0.7071067811865475, 0.0, 0.0, 0.7071067811865476], rotation=0.0}]], ComponentData[EntityId[10], [ObjectType[type=0], Position{location=Vec3[-384.0, 128.0, 128.0], facing=Quatd[-0.7071067811865475, 0.0, 0.0, 0.7071067811865476], rotation=0.0}]], ComponentData[EntityId[11], [ObjectType[type=0], Position{location=Vec3[-384.0, 128.0, 384.0], facing=Quatd[-0.7071067811865475, 0.0, 0.0, 0.7071067811865476], rotation=0.0}]], ComponentData[EntityId[12], [ObjectType[type=0], Position{location=Vec3[-384.0, 384.0, -384.0], facing=Quatd[-0.7071067811865475, 0.0, 0.0, 0.7071067811865476], rotation=0.0}]], ComponentData[EntityId[13], [ObjectType[type=0], Position{location=Vec3[-384.0, 384.0, -128.0], facing=Quatd[-0.7071067811865475, 0.0, 0.0, 0.7071067811865476], rotation=0.0}]], ComponentData[EntityId[14], [ObjectType[type=0], Position{location=Vec3[-384.0, 384.0, 128.0], facing=Quatd[-0.7071067811865475, 0.0, 0.0, 0.7071067811865476], rotation=0.0}]], ComponentData[EntityId[15], [ObjectType[type=0], Position{location=Vec3[-384.0, 384.0, 384.0], facing=Quatd[-0.7071067811865475, 0.0, 0.0, 0.7071067811865476], rotation=0.0}]], ComponentData[EntityId[16], [ObjectType[type=0], Position{location=Vec3[-128.0, -384.0, -384.0], facing=Quatd[-0.7071067811865475, 0.0, 0.0, 0.7071067811865476], rotation=0.0}]], ComponentData[EntityId[17], [ObjectType[type=0], Position{location=Vec3[-128.0, -384.0, -128.0], facing=Quatd[-0.7071067811865475, 0.0, 0.0, 0.7071067811865476], rotation=0.0}]], ComponentData[EntityId[18], [ObjectType[type=0], Position{location=Vec3[-128.0, -384.0, 128.0], facing=Quatd[-0.7071067811865475, 0.0, 0.0, 0.7071067811865476], rotation=0.0}]], ComponentData[EntityId[19], [ObjectType[type=0], Position{location=Vec3[-128.0, -384.0, 384.0], facing=Quatd[-0.7071067811865475, 0.0, 0.0, 0.7071067811865476], rotation=0.0}]], ComponentData[EntityId[20], [ObjectType[type=0], Position{location=Vec3[-128.0, -128.0, -384.0], facing=Quatd[-0.7071067811865475, 0.0, 0.0, 0.7071067811865476], rotation=0.0}]]]]
11:19:28,569 INFO  [MessageDebugger] Received:EntityDataMessage[2, [ComponentData[EntityId[21], [ObjectType[type=0], Position{location=Vec3[-128.0, -128.0, -128.0], facing=Quatd[-0.7071067811865475, 0.0, 0.0, 0.7071067811865476], rotation=0.0}]], ComponentData[EntityId[22], [ObjectType[type=0], Position{location=Vec3[-128.0, -128.0, 128.0], facing=Quatd[-0.7071067811865475, 0.0, 0.0, 0.7071067811865476], rotation=0.0}]], ComponentData[EntityId[23], [ObjectType[type=0], Position{location=Vec3[-128.0, -128.0, 384.0], facing=Quatd[-0.7071067811865475, 0.0, 0.0, 0.7071067811865476], rotation=0.0}]], ComponentData[EntityId[24], [ObjectType[type=0], Position{location=Vec3[-128.0, 128.0, -384.0], facing=Quatd[-0.7071067811865475, 0.0, 0.0, 0.7071067811865476], rotation=0.0}]], ComponentData[EntityId[25], [ObjectType[type=0], Position{location=Vec3[-128.0, 128.0, -128.0], facing=Quatd[-0.7071067811865475, 0.0, 0.0, 0.7071067811865476], rotation=0.0}]], ComponentData[EntityId[26], [ObjectType[type=0], Position{location=Vec3[-128.0, 128.0, 128.0], facing=Quatd[-0.7071067811865475, 0.0, 0.0, 0.7071067811865476], rotation=0.0}]], ComponentData[EntityId[27], [ObjectType[type=0], Position{location=Vec3[-128.0, 128.0, 384.0], facing=Quatd[-0.7071067811865475, 0.0, 0.0, 0.7071067811865476], rotation=0.0}]], ComponentData[EntityId[28], [ObjectType[type=0], Position{location=Vec3[-128.0, 384.0, -384.0], facing=Quatd[-0.7071067811865475, 0.0, 0.0, 0.7071067811865476], rotation=0.0}]], ComponentData[EntityId[29], [ObjectType[type=0], Position{location=Vec3[-128.0, 384.0, -128.0], facing=Quatd[-0.7071067811865475, 0.0, 0.0, 0.7071067811865476], rotation=0.0}]], ComponentData[EntityId[30], [ObjectType[type=0], Position{location=Vec3[-128.0, 384.0, 128.0], facing=Quatd[-0.7071067811865475, 0.0, 0.0, 0.7071067811865476], rotation=0.0}]], ComponentData[EntityId[31], [ObjectType[type=0], Position{location=Vec3[-128.0, 384.0, 384.0], facing=Quatd[-0.7071067811865475, 0.0, 0.0, 0.7071067811865476], rotation=0.0}]], ComponentData[EntityId[32], [ObjectType[type=0], Position{location=Vec3[128.0, -384.0, -384.0], facing=Quatd[-0.7071067811865475, 0.0, 0.0, 0.7071067811865476], rotation=0.0}]], ComponentData[EntityId[33], [ObjectType[type=0], Position{location=Vec3[128.0, -384.0, -128.0], facing=Quatd[-0.7071067811865475, 0.0, 0.0, 0.7071067811865476], rotation=0.0}]], ComponentData[EntityId[34], [ObjectType[type=0], Position{location=Vec3[128.0, -384.0, 128.0], facing=Quatd[-0.7071067811865475, 0.0, 0.0, 0.7071067811865476], rotation=0.0}]], ComponentData[EntityId[35], [ObjectType[type=0], Position{location=Vec3[128.0, -384.0, 384.0], facing=Quatd[-0.7071067811865475, 0.0, 0.0, 0.7071067811865476], rotation=0.0}]], ComponentData[EntityId[36], [ObjectType[type=0], Position{location=Vec3[128.0, -128.0, -384.0], facing=Quatd[-0.7071067811865475, 0.0, 0.0, 0.7071067811865476], rotation=0.0}]], ComponentData[EntityId[37], [ObjectType[type=0], Position{location=Vec3[128.0, -128.0, -128.0], facing=Quatd[-0.7071067811865475, 0.0, 0.0, 0.7071067811865476], rotation=0.0}]], ComponentData[EntityId[38], [ObjectType[type=0], Position{location=Vec3[128.0, -128.0, 128.0], facing=Quatd[-0.7071067811865475, 0.0, 0.0, 0.7071067811865476], rotation=0.0}]], ComponentData[EntityId[39], [ObjectType[type=0], Position{location=Vec3[128.0, -128.0, 384.0], facing=Quatd[-0.7071067811865475, 0.0, 0.0, 0.7071067811865476], rotation=0.0}]], ComponentData[EntityId[40], [ObjectType[type=0], Position{location=Vec3[128.0, 128.0, -384.0], facing=Quatd[-0.7071067811865475, 0.0, 0.0, 0.7071067811865476], rotation=0.0}]], ComponentData[EntityId[41], [ObjectType[type=0], Position{location=Vec3[128.0, 128.0, -128.0], facing=Quatd[-0.7071067811865475, 0.0, 0.0, 0.7071067811865476], rotation=0.0}]]]]
11:19:28,570 INFO  [MessageDebugger] Received:EntityDataMessage[2, [ComponentData[EntityId[42], [ObjectType[type=0], Position{location=Vec3[128.0, 128.0, 128.0], facing=Quatd[-0.7071067811865475, 0.0, 0.0, 0.7071067811865476], rotation=0.0}]], ComponentData[EntityId[43], [ObjectType[type=0], Position{location=Vec3[128.0, 128.0, 384.0], facing=Quatd[-0.7071067811865475, 0.0, 0.0, 0.7071067811865476], rotation=0.0}]], ComponentData[EntityId[44], [ObjectType[type=0], Position{location=Vec3[128.0, 384.0, -384.0], facing=Quatd[-0.7071067811865475, 0.0, 0.0, 0.7071067811865476], rotation=0.0}]], ComponentData[EntityId[45], [ObjectType[type=0], Position{location=Vec3[128.0, 384.0, -128.0], facing=Quatd[-0.7071067811865475, 0.0, 0.0, 0.7071067811865476], rotation=0.0}]], ComponentData[EntityId[46], [ObjectType[type=0], Position{location=Vec3[128.0, 384.0, 128.0], facing=Quatd[-0.7071067811865475, 0.0, 0.0, 0.7071067811865476], rotation=0.0}]], ComponentData[EntityId[47], [ObjectType[type=0], Position{location=Vec3[128.0, 384.0, 384.0], facing=Quatd[-0.7071067811865475, 0.0, 0.0, 0.7071067811865476], rotation=0.0}]], ComponentData[EntityId[48], [ObjectType[type=0], Position{location=Vec3[384.0, -384.0, -384.0], facing=Quatd[-0.7071067811865475, 0.0, 0.0, 0.7071067811865476], rotation=0.0}]], ComponentData[EntityId[49], [ObjectType[type=0], Position{location=Vec3[384.0, -384.0, -128.0], facing=Quatd[-0.7071067811865475, 0.0, 0.0, 0.7071067811865476], rotation=0.0}]], ComponentData[EntityId[50], [ObjectType[type=0], Position{location=Vec3[384.0, -384.0, 128.0], facing=Quatd[-0.7071067811865475, 0.0, 0.0, 0.7071067811865476], rotation=0.0}]], ComponentData[EntityId[51], [ObjectType[type=0], Position{location=Vec3[384.0, -384.0, 384.0], facing=Quatd[-0.7071067811865475, 0.0, 0.0, 0.7071067811865476], rotation=0.0}]], ComponentData[EntityId[52], [ObjectType[type=0], Position{location=Vec3[384.0, -128.0, -384.0], facing=Quatd[-0.7071067811865475, 0.0, 0.0, 0.7071067811865476], rotation=0.0}]], ComponentData[EntityId[53], [ObjectType[type=0], Position{location=Vec3[384.0, -128.0, -128.0], facing=Quatd[-0.7071067811865475, 0.0, 0.0, 0.7071067811865476], rotation=0.0}]], ComponentData[EntityId[54], [ObjectType[type=0], Position{location=Vec3[384.0, -128.0, 128.0], facing=Quatd[-0.7071067811865475, 0.0, 0.0, 0.7071067811865476], rotation=0.0}]], ComponentData[EntityId[55], [ObjectType[type=0], Position{location=Vec3[384.0, -128.0, 384.0], facing=Quatd[-0.7071067811865475, 0.0, 0.0, 0.7071067811865476], rotation=0.0}]], ComponentData[EntityId[56], [ObjectType[type=0], Position{location=Vec3[384.0, 128.0, -384.0], facing=Quatd[-0.7071067811865475, 0.0, 0.0, 0.7071067811865476], rotation=0.0}]], ComponentData[EntityId[57], [ObjectType[type=0], Position{location=Vec3[384.0, 128.0, -128.0], facing=Quatd[-0.7071067811865475, 0.0, 0.0, 0.7071067811865476], rotation=0.0}]], ComponentData[EntityId[58], [ObjectType[type=0], Position{location=Vec3[384.0, 128.0, 128.0], facing=Quatd[-0.7071067811865475, 0.0, 0.0, 0.7071067811865476], rotation=0.0}]], ComponentData[EntityId[59], [ObjectType[type=0], Position{location=Vec3[384.0, 128.0, 384.0], facing=Quatd[-0.7071067811865475, 0.0, 0.0, 0.7071067811865476], rotation=0.0}]], ComponentData[EntityId[60], [ObjectType[type=0], Position{location=Vec3[384.0, 384.0, -384.0], facing=Quatd[-0.7071067811865475, 0.0, 0.0, 0.7071067811865476], rotation=0.0}]], ComponentData[EntityId[61], [ObjectType[type=0], Position{location=Vec3[384.0, 384.0, -128.0], facing=Quatd[-0.7071067811865475, 0.0, 0.0, 0.7071067811865476], rotation=0.0}]], ComponentData[EntityId[62], [ObjectType[type=0], Position{location=Vec3[384.0, 384.0, 128.0], facing=Quatd[-0.7071067811865475, 0.0, 0.0, 0.7071067811865476], rotation=0.0}]]]]
11:19:28,571 INFO  [MessageDebugger] Received:EntityDataMessage[2, [ComponentData[EntityId[63], [ObjectType[type=0], Position{location=Vec3[384.0, 384.0, 384.0], facing=Quatd[-0.7071067811865475, 0.0, 0.0, 0.7071067811865476], rotation=0.0}]], ComponentData[EntityId[65], [ObjectType[type=1], Position{location=Vec3[0.0, 0.0, 0.0], facing=Quatd[0.0, 0.0, 0.0, 1.0], rotation=0.0}]]]]
11:19:28,571 INFO  [MessageDebugger] Received:EntityDataMessage[3, [ComponentData[EntityId[65], [Name[Asser], BodyPosition[null]]]]]
11:19:28,615 INFO  [GameSessionState] initialize()
11:19:28,616 DEBUG [GameSessionClientService] delegate:RemoteObject[#2, example.net.GameSession]
11:19:28,617 INFO  [MessageDebugger] Received:RpcResponseMessage[#1, result=EntityId[64]]
11:19:28,617 INFO  [MessageDebugger] Received:RpcResponseMessage[#2, result=EntityId[65]]
11:19:28,617 INFO  [GameSessionState] Player object:EntityId[65]
11:19:28,619 INFO  [MessageDebugger] Received:StringIdMessage[id=null, string=gravSphere]
11:19:28,620 INFO  [MessageDebugger] Received:ReturnComponentsMessage[1, EntityId[0], [SphereShape[radius=10.0, centerOffset=Vec3[0.0, 0.0, 0.0]]]]
11:19:28,649 INFO  [ModelViewState] Position (test): (-384.0, -384.0, -384.0), Quatd[-0.7071067811865475, 0.0, 0.0, 0.7071067811865476]
11:19:28,650 INFO  [MessageDebugger] Received:ReturnComponentsMessage[2, EntityId[1], [SphereShape[radius=10.0, centerOffset=Vec3[0.0, 0.0, 0.0]]]]
11:19:28,653 INFO  [ModelViewState] Position (test): (-384.0, -384.0, -128.0), Quatd[-0.7071067811865475, 0.0, 0.0, 0.7071067811865476]
11:19:28,654 INFO  [MessageDebugger] Received:ReturnComponentsMessage[3, EntityId[2], [SphereShape[radius=10.0, centerOffset=Vec3[0.0, 0.0, 0.0]]]]
11:19:28,658 INFO  [ModelViewState] Position (test): (-384.0, -384.0, 128.0), Quatd[-0.7071067811865475, 0.0, 0.0, 0.7071067811865476]
11:19:28,658 INFO  [MessageDebugger] Received:ReturnComponentsMessage[4, EntityId[3], [SphereShape[radius=10.0, centerOffset=Vec3[0.0, 0.0, 0.0]]]]
11:19:28,663 INFO  [ModelViewState] Position (test): (-384.0, -384.0, 384.0), Quatd[-0.7071067811865475, 0.0, 0.0, 0.7071067811865476]
11:19:28,664 INFO  [MessageDebugger] Received:ReturnComponentsMessage[5, EntityId[4], [SphereShape[radius=10.0, centerOffset=Vec3[0.0, 0.0, 0.0]]]]
11:19:28,667 INFO  [ModelViewState] Position (test): (-384.0, -128.0, -384.0), Quatd[-0.7071067811865475, 0.0, 0.0, 0.7071067811865476]
11:19:28,668 INFO  [MessageDebugger] Received:ReturnComponentsMessage[6, EntityId[5], [SphereShape[radius=10.0, centerOffset=Vec3[0.0, 0.0, 0.0]]]]
11:19:28,671 INFO  [ModelViewState] Position (test): (-384.0, -128.0, -128.0), Quatd[-0.7071067811865475, 0.0, 0.0, 0.7071067811865476]
11:19:28,671 INFO  [MessageDebugger] Received:ReturnComponentsMessage[7, EntityId[6], [SphereShape[radius=10.0, centerOffset=Vec3[0.0, 0.0, 0.0]]]]
11:19:28,675 INFO  [ModelViewState] Position (test): (-384.0, -128.0, 128.0), Quatd[-0.7071067811865475, 0.0, 0.0, 0.7071067811865476]
11:19:28,675 INFO  [MessageDebugger] Received:ReturnComponentsMessage[8, EntityId[7], [SphereShape[radius=10.0, centerOffset=Vec3[0.0, 0.0, 0.0]]]]
11:19:28,678 INFO  [ModelViewState] Position (test): (-384.0, -128.0, 384.0), Quatd[-0.7071067811865475, 0.0, 0.0, 0.7071067811865476]
11:19:28,679 INFO  [MessageDebugger] Received:ReturnComponentsMessage[9, EntityId[8], [SphereShape[radius=10.0, centerOffset=Vec3[0.0, 0.0, 0.0]]]]
11:19:28,683 INFO  [ModelViewState] Position (test): (-384.0, 128.0, -384.0), Quatd[-0.7071067811865475, 0.0, 0.0, 0.7071067811865476]
11:19:28,684 INFO  [MessageDebugger] Received:ReturnComponentsMessage[10, EntityId[9], [SphereShape[radius=10.0, centerOffset=Vec3[0.0, 0.0, 0.0]]]]
11:19:28,687 INFO  [ModelViewState] Position (test): (-384.0, 128.0, -128.0), Quatd[-0.7071067811865475, 0.0, 0.0, 0.7071067811865476]
11:19:28,688 INFO  [MessageDebugger] Received:ReturnComponentsMessage[11, EntityId[10], [SphereShape[radius=10.0, centerOffset=Vec3[0.0, 0.0, 0.0]]]]
11:19:28,691 INFO  [ModelViewState] Position (test): (-384.0, 128.0, 128.0), Quatd[-0.7071067811865475, 0.0, 0.0, 0.7071067811865476]
11:19:28,692 INFO  [MessageDebugger] Received:ReturnComponentsMessage[12, EntityId[11], [SphereShape[radius=10.0, centerOffset=Vec3[0.0, 0.0, 0.0]]]]
