22:58:16,156 INFO  [GameServer] Initializing game systems...
22:58:16,165 TRACE [GameSystemManager] initialize()
22:58:16,168 TRACE [GameSystemManager] initializing:com.simsilica.sim.TaskDispatcher@7a52f2a2
22:58:16,168 TRACE [GameSystemManager] initializing:example.sim.SimplePhysics@78047b92
22:58:16,265 TRACE [GameSystemManager] initializing:example.es.states.DecayState@159f197
22:58:16,265 TRACE [GameSystemManager] initializing:example.es.states.HealthState@5dd6264
22:58:16,266 TRACE [GameSystemManager] initializing:example.es.states.BountyState@7c469c48
22:58:16,267 TRACE [GameSystemManager] initializing:example.es.states.AttackProjectileState@1677d1
22:58:16,268 TRACE [GameSystemManager] initializing:example.es.states.ArenaState@6ac13091
22:58:16,316 TRACE [GameSystemManager] initializing:example.es.states.MapStateServer@3d51f06e
22:58:16,323 TRACE [GameSystemManager] initializing:example.es.states.GravityState@41fbdac4
22:58:16,323 TRACE [GameSystemManager] initializing:example.es.states.WarpState@3c407114
22:58:16,323 TRACE [GameSystemManager] initializing:example.es.states.DelayState@c33b74f
22:58:16,324 TRACE [GameSystemManager] initializing:example.es.states.ShipFrequencyStateServer@2c767a52
22:58:16,324 TRACE [GameSystemManager] initializing:example.es.states.FlagStateServer@619713e5
22:58:16,324 TRACE [GameSystemManager] initializing:example.net.server.ZoneNetworkSystem@708f5957
22:58:16,324 TRACE [GameSystemManager] initializing:com.simsilica.es.server.EntityUpdater@68999068
22:58:16,324 TRACE [GameSystemManager] initializing:example.sim.BodyPositionPublisher@7722c3c3
22:58:16,324 TRACE [GameSystemManager] initializing:example.sim.BasicEnvironment@2ef3eef9
22:58:16,324 INFO  [GameServer] Starting game server...
22:58:16,324 TRACE [GameSystemManager] start()
22:58:16,325 TRACE [GameSystemManager] starting:com.simsilica.sim.TaskDispatcher@7a52f2a2
22:58:16,325 TRACE [GameSystemManager] starting:example.sim.SimplePhysics@78047b92
22:58:16,327 TRACE [GameSystemManager] starting:example.es.states.DecayState@159f197
22:58:16,328 TRACE [GameSystemManager] starting:example.es.states.HealthState@5dd6264
22:58:16,328 TRACE [GameSystemManager] starting:example.es.states.BountyState@7c469c48
22:58:16,328 TRACE [GameSystemManager] starting:example.es.states.AttackProjectileState@1677d1
22:58:16,328 TRACE [GameSystemManager] starting:example.es.states.ArenaState@6ac13091
22:58:16,328 TRACE [GameSystemManager] starting:example.es.states.MapStateServer@3d51f06e
22:58:16,328 TRACE [GameSystemManager] starting:example.es.states.GravityState@41fbdac4
22:58:16,328 TRACE [GameSystemManager] starting:example.es.states.WarpState@3c407114
22:58:16,329 TRACE [GameSystemManager] starting:example.es.states.DelayState@c33b74f
22:58:16,329 TRACE [GameSystemManager] starting:example.es.states.ShipFrequencyStateServer@2c767a52
22:58:16,329 TRACE [GameSystemManager] starting:example.es.states.FlagStateServer@619713e5
22:58:16,329 TRACE [GameSystemManager] starting:example.net.server.ZoneNetworkSystem@708f5957
22:58:16,329 TRACE [GameSystemManager] starting:com.simsilica.es.server.EntityUpdater@68999068
22:58:16,329 TRACE [GameSystemManager] starting:example.sim.BodyPositionPublisher@7722c3c3
22:58:16,329 TRACE [GameSystemManager] starting:example.sim.BasicEnvironment@2ef3eef9
22:58:16,392 INFO  [StateCollector] Starting state collector.
22:58:16,393 INFO  [GameServer] Game server started.
22:58:37,215 DEBUG [AccountHostedService] startHostingOnConnection(Connection[ id=0, reliable=NioEndpoint[1, java.nio.channels.SocketChannel[connected local=/127.0.0.1:4271 remote=/127.0.0.1:65399]], fast=UdpEndpoint[1, /127.0.0.1:49262] ])
22:58:38,553 INFO  [AccountHostedService] login(Asser)
22:58:38,553 INFO  [AccountHostedService] Created player entity:EntityId[65] for:Asser
22:58:38,554 DEBUG [AccountHostedService] publishing playerLoggedOn event for:Connection[ id=0, reliable=NioEndpoint[1, java.nio.channels.SocketChannel[connected local=/127.0.0.1:4271 remote=/127.0.0.1:65399]], fast=UdpEndpoint[1, /127.0.0.1:49262] ]
22:58:38,554 DEBUG [GameSessionHostedService] onPlayerLoggedOn()
22:58:38,555 DEBUG [GameSessionHostedService] startHostingOnConnection(Connection[ id=0, reliable=NioEndpoint[1, java.nio.channels.SocketChannel[connected local=/127.0.0.1:4271 remote=/127.0.0.1:65399]], fast=UdpEndpoint[1, /127.0.0.1:49262] ])
22:58:38,566 DEBUG [ChatHostedService] startHostingOnConnection(Connection[ id=0, reliable=NioEndpoint[1, java.nio.channels.SocketChannel[connected local=/127.0.0.1:4271 remote=/127.0.0.1:65399]], fast=UdpEndpoint[1, /127.0.0.1:49262] ])
22:58:43,645 INFO  [HealthState] Applying 0 to:Entity[EntityId[66], values=[HitPoints[100]]] result:HitPoints[100]
22:58:44,127 INFO  [HealthState] Applying 0 to:Entity[EntityId[66], values=[HitPoints[100]]] result:HitPoints[100]
22:58:44,294 INFO  [HealthState] Applying 0 to:Entity[EntityId[66], values=[HitPoints[100]]] result:HitPoints[100]
22:58:44,428 INFO  [HealthState] Applying 0 to:Entity[EntityId[66], values=[HitPoints[100]]] result:HitPoints[100]
22:58:44,584 INFO  [HealthState] Applying 0 to:Entity[EntityId[66], values=[HitPoints[100]]] result:HitPoints[100]
22:58:47,811 INFO  [HealthState] Applying 0 to:Entity[EntityId[66], values=[HitPoints[100]]] result:HitPoints[100]
22:58:47,994 INFO  [HealthState] Applying 0 to:Entity[EntityId[66], values=[HitPoints[100]]] result:HitPoints[100]
22:58:48,427 INFO  [HealthState] Applying 0 to:Entity[EntityId[66], values=[HitPoints[100]]] result:HitPoints[100]
22:58:48,577 INFO  [HealthState] Applying 0 to:Entity[EntityId[66], values=[HitPoints[100]]] result:HitPoints[100]
22:58:48,727 INFO  [HealthState] Applying 0 to:Entity[EntityId[66], values=[HitPoints[100]]] result:HitPoints[100]
22:58:48,861 INFO  [HealthState] Applying 0 to:Entity[EntityId[66], values=[HitPoints[100]]] result:HitPoints[100]
22:58:49,011 INFO  [HealthState] Applying 0 to:Entity[EntityId[66], values=[HitPoints[100]]] result:HitPoints[100]
22:58:55,211 INFO  [HealthState] Applying 0 to:Entity[EntityId[66], values=[HitPoints[100]]] result:HitPoints[100]
22:58:55,378 INFO  [HealthState] Applying 0 to:Entity[EntityId[66], values=[HitPoints[100]]] result:HitPoints[100]
22:58:55,528 INFO  [HealthState] Applying 0 to:Entity[EntityId[66], values=[HitPoints[100]]] result:HitPoints[100]
22:58:55,661 INFO  [HealthState] Applying 0 to:Entity[EntityId[66], values=[HitPoints[100]]] result:HitPoints[100]
22:58:56,528 INFO  [HealthState] Applying 0 to:Entity[EntityId[66], values=[HitPoints[100]]] result:HitPoints[100]
22:58:56,695 INFO  [HealthState] Applying 0 to:Entity[EntityId[66], values=[HitPoints[100]]] result:HitPoints[100]
22:58:56,861 INFO  [HealthState] Applying 0 to:Entity[EntityId[66], values=[HitPoints[100]]] result:HitPoints[100]
22:58:56,995 INFO  [HealthState] Applying 0 to:Entity[EntityId[66], values=[HitPoints[100]]] result:HitPoints[100]
22:58:58,011 INFO  [HealthState] Applying 0 to:Entity[EntityId[66], values=[HitPoints[100]]] result:HitPoints[100]
22:58:58,328 INFO  [HealthState] Applying 0 to:Entity[EntityId[66], values=[HitPoints[100]]] result:HitPoints[100]
22:58:58,495 INFO  [HealthState] Applying 0 to:Entity[EntityId[66], values=[HitPoints[100]]] result:HitPoints[100]
22:59:01,495 INFO  [HealthState] Applying 0 to:Entity[EntityId[66], values=[HitPoints[100]]] result:HitPoints[100]
22:59:01,645 INFO  [HealthState] Applying 0 to:Entity[EntityId[66], values=[HitPoints[100]]] result:HitPoints[100]
22:59:01,795 INFO  [HealthState] Applying 0 to:Entity[EntityId[66], values=[HitPoints[100]]] result:HitPoints[100]
22:59:02,145 INFO  [HealthState] Applying 0 to:Entity[EntityId[66], values=[HitPoints[100]]] result:HitPoints[100]
22:59:02,278 INFO  [HealthState] Applying 0 to:Entity[EntityId[66], values=[HitPoints[100]]] result:HitPoints[100]
22:59:02,412 INFO  [HealthState] Applying 0 to:Entity[EntityId[66], values=[HitPoints[100]]] result:HitPoints[100]
22:59:02,562 INFO  [HealthState] Applying 0 to:Entity[EntityId[66], values=[HitPoints[100]]] result:HitPoints[100]
22:59:02,678 INFO  [HealthState] Applying 0 to:Entity[EntityId[66], values=[HitPoints[100]]] result:HitPoints[100]
22:59:02,845 INFO  [HealthState] Applying 0 to:Entity[EntityId[66], values=[HitPoints[100]]] result:HitPoints[100]
22:59:02,979 INFO  [HealthState] Applying 0 to:Entity[EntityId[66], values=[HitPoints[100]]] result:HitPoints[100]
22:59:03,128 INFO  [HealthState] Applying 0 to:Entity[EntityId[66], values=[HitPoints[100]]] result:HitPoints[100]
22:59:03,278 INFO  [HealthState] Applying 0 to:Entity[EntityId[66], values=[HitPoints[100]]] result:HitPoints[100]
22:59:03,412 INFO  [HealthState] Applying 0 to:Entity[EntityId[66], values=[HitPoints[100]]] result:HitPoints[100]
22:59:03,528 INFO  [HealthState] Applying 0 to:Entity[EntityId[66], values=[HitPoints[100]]] result:HitPoints[100]
22:59:11,012 INFO  [HealthState] Applying 0 to:Entity[EntityId[66], values=[HitPoints[100]]] result:HitPoints[100]
22:59:11,145 INFO  [HealthState] Applying 0 to:Entity[EntityId[66], values=[HitPoints[100]]] result:HitPoints[100]
22:59:11,278 INFO  [HealthState] Applying 0 to:Entity[EntityId[66], values=[HitPoints[100]]] result:HitPoints[100]
22:59:11,428 INFO  [HealthState] Applying 0 to:Entity[EntityId[66], values=[HitPoints[100]]] result:HitPoints[100]
22:59:11,628 INFO  [HealthState] Applying 0 to:Entity[EntityId[66], values=[HitPoints[100]]] result:HitPoints[100]
22:59:17,426 DEBUG [AccountHostedService] stopHostingOnConnection(Connection[ id=0, reliable=NioEndpoint[1, java.nio.channels.SocketChannel[closed]], fast=UdpEndpoint[1, /127.0.0.1:49262] ])
22:59:17,426 DEBUG [AccountHostedService] publishing playerLoggedOff event for:Connection[ id=0, reliable=NioEndpoint[1, java.nio.channels.SocketChannel[closed]], fast=UdpEndpoint[1, /127.0.0.1:49262] ]
22:59:17,426 DEBUG [GameSessionHostedService] onPlayerLoggedOff()
22:59:17,426 DEBUG [GameSessionHostedService] stopHostingOnConnection(Connection[ id=0, reliable=NioEndpoint[1, java.nio.channels.SocketChannel[closed]], fast=UdpEndpoint[1, /127.0.0.1:49262] ])
22:59:17,426 DEBUG [GameSessionHostedService] Closing game session for:Connection[ id=0, reliable=NioEndpoint[1, java.nio.channels.SocketChannel[closed]], fast=UdpEndpoint[1, /127.0.0.1:49262] ]
22:59:17,427 DEBUG [ChatHostedService] stopHostingOnConnection(Connection[ id=0, reliable=NioEndpoint[1, java.nio.channels.SocketChannel[closed]], fast=UdpEndpoint[1, /127.0.0.1:49262] ])
22:59:17,427 DEBUG [GameSessionHostedService] stopHostingOnConnection(Connection[ id=0, reliable=NioEndpoint[1, java.nio.channels.SocketChannel[closed]], fast=UdpEndpoint[1, /127.0.0.1:49262] ])
22:59:17,427 DEBUG [ChatHostedService] stopHostingOnConnection(Connection[ id=0, reliable=NioEndpoint[1, java.nio.channels.SocketChannel[closed]], fast=UdpEndpoint[1, /127.0.0.1:49262] ])
22:59:29,136 INFO  [GameServer] Stopping game server...null
22:59:29,136 TRACE [GameSystemManager] stop()
22:59:29,136 TRACE [GameSystemManager] stopping:com.simsilica.sim.TaskDispatcher@7a52f2a2
22:59:29,136 TRACE [GameSystemManager] stopping:example.sim.SimplePhysics@78047b92
22:59:29,136 TRACE [GameSystemManager] stopping:example.es.states.DecayState@159f197
22:59:29,136 TRACE [GameSystemManager] stopping:example.es.states.HealthState@5dd6264
22:59:29,136 TRACE [GameSystemManager] stopping:example.es.states.BountyState@7c469c48
22:59:29,136 TRACE [GameSystemManager] stopping:example.es.states.AttackProjectileState@1677d1
22:59:29,136 TRACE [GameSystemManager] stopping:example.es.states.ArenaState@6ac13091
22:59:29,137 TRACE [GameSystemManager] stopping:example.es.states.MapStateServer@3d51f06e
22:59:29,137 TRACE [GameSystemManager] stopping:example.es.states.GravityState@41fbdac4
22:59:29,137 TRACE [GameSystemManager] stopping:example.es.states.WarpState@3c407114
22:59:29,137 TRACE [GameSystemManager] stopping:example.es.states.DelayState@c33b74f
22:59:29,137 TRACE [GameSystemManager] stopping:example.es.states.ShipFrequencyStateServer@2c767a52
22:59:29,137 TRACE [GameSystemManager] stopping:example.es.states.FlagStateServer@619713e5
22:59:29,137 TRACE [GameSystemManager] stopping:example.net.server.ZoneNetworkSystem@708f5957
22:59:29,137 TRACE [GameSystemManager] stopping:com.simsilica.es.server.EntityUpdater@68999068
22:59:29,137 TRACE [GameSystemManager] stopping:example.sim.BodyPositionPublisher@7722c3c3
22:59:29,138 TRACE [GameSystemManager] stopping:example.sim.BasicEnvironment@2ef3eef9
22:59:29,138 TRACE [GameSystemManager] terminate()
22:59:29,138 TRACE [GameSystemManager] terminating:com.simsilica.sim.TaskDispatcher@7a52f2a2
22:59:29,138 TRACE [GameSystemManager] terminating:example.sim.SimplePhysics@78047b92
22:59:29,138 TRACE [GameSystemManager] terminating:example.es.states.DecayState@159f197
22:59:29,138 TRACE [GameSystemManager] terminating:example.es.states.HealthState@5dd6264
22:59:29,138 TRACE [GameSystemManager] terminating:example.es.states.BountyState@7c469c48
22:59:29,138 TRACE [GameSystemManager] terminating:example.es.states.AttackProjectileState@1677d1
22:59:29,138 TRACE [GameSystemManager] terminating:example.es.states.ArenaState@6ac13091
22:59:29,138 TRACE [GameSystemManager] terminating:example.es.states.MapStateServer@3d51f06e
22:59:29,138 TRACE [GameSystemManager] terminating:example.es.states.GravityState@41fbdac4
22:59:29,138 TRACE [GameSystemManager] terminating:example.es.states.WarpState@3c407114
22:59:29,138 TRACE [GameSystemManager] terminating:example.es.states.DelayState@c33b74f
22:59:29,139 TRACE [GameSystemManager] terminating:example.es.states.ShipFrequencyStateServer@2c767a52
22:59:29,139 TRACE [GameSystemManager] terminating:example.es.states.FlagStateServer@619713e5
22:59:29,139 TRACE [GameSystemManager] terminating:example.net.server.ZoneNetworkSystem@708f5957
22:59:29,139 TRACE [GameSystemManager] terminating:com.simsilica.es.server.EntityUpdater@68999068
22:59:29,139 TRACE [GameSystemManager] terminating:example.sim.BodyPositionPublisher@7722c3c3
22:59:29,139 TRACE [GameSystemManager] terminating:example.sim.BasicEnvironment@2ef3eef9
22:59:29,139 INFO  [StateCollector] Shuttong down state collector.
22:59:29,141 INFO  [GameServer] Game server stopped.
