22:07:12,546 INFO  [JmeSystem] Running on jMonkeyEngine 3.2-stable
 * Branch: HEAD
 * Git Hash: f85624a
 * Build Date: 2018-01-21
22:07:13,063 INFO  [LwjglContext] LWJGL 2.9.3 context running on thread jME3 Main
 * Graphics Adapter: C:\WINDOWS\System32\DriverStore\FileRepository\nv_dispi.inf_amd64_c68c1eb90f6d242e\nvldumdx.dll,C:\WINDOWS\System32\DriverStore\FileRepository\nv_dispi.inf_amd64_c68c1eb90f6d242e\nvldumdx.dll,C:\WINDOWS\System32\DriverStore\FileRepository\nv_dispi.inf_amd64_c68c1eb90f6d242e\nvldumdx.dll,C:\WINDOWS\System32\DriverStore\FileRepository\nv_dispi.inf_amd64_c68c1eb90f6d242e\nvldumdx.dll
 * Driver Version: null
 * Scaling Factor: 1
22:07:13,081 INFO  [GLRenderer] OpenGL Renderer Information
 * Vendor: NVIDIA Corporation
 * Renderer: GeForce GTX 780/PCIe/SSE2
 * OpenGL Version: 4.6.0 NVIDIA 388.59
 * GLSL Version: 4.60 NVIDIA
 * Profile: Compatibility
22:07:13,107 WARN  [AssetConfig] Cannot find loader com.jme3.scene.plugins.ogre.MeshLoader
22:07:13,108 WARN  [AssetConfig] Cannot find loader com.jme3.scene.plugins.ogre.SkeletonLoader
22:07:13,108 WARN  [AssetConfig] Cannot find loader com.jme3.scene.plugins.ogre.MaterialLoader
22:07:13,108 WARN  [AssetConfig] Cannot find loader com.jme3.scene.plugins.ogre.SceneLoader
22:07:13,109 WARN  [AssetConfig] Cannot find loader com.jme3.scene.plugins.blender.BlenderModelLoader
22:07:13,110 WARN  [AssetConfig] Cannot find loader com.jme3.scene.plugins.fbx.FbxLoader
22:07:13,111 WARN  [AssetConfig] Cannot find loader com.jme3.scene.plugins.gltf.GltfLoader
22:07:13,111 WARN  [AssetConfig] Cannot find loader com.jme3.scene.plugins.gltf.BinLoader
22:07:13,111 WARN  [AssetConfig] Cannot find loader com.jme3.scene.plugins.gltf.GlbLoader
22:07:13,113 WARN  [AssetConfig] Cannot find loader com.jme3.audio.plugins.OGGLoader
22:07:13,141 WARN  [DefaultControllerEnvironment] Found unknown Windows version: Windows 10
22:07:13,141 INFO  [DefaultControllerEnvironment] Attempting to use default windows plug-in.
22:07:13,141 INFO  [DefaultControllerEnvironment] Loading: net.java.games.input.DirectAndRawInputEnvironmentPlugin
22:07:13,367 INFO  [ALAudioRenderer] Audio Renderer Information
 * Device: OpenAL Soft
 * Vendor: OpenAL Community
 * Renderer: OpenAL Soft
 * Version: 1.1 ALSOFT 1.15.1
 * Supported channels: 64
 * ALC extensions: ALC_ENUMERATE_ALL_EXT ALC_ENUMERATION_EXT ALC_EXT_CAPTURE ALC_EXT_DEDICATED ALC_EXT_disconnect ALC_EXT_EFX ALC_EXT_thread_local_context ALC_SOFT_loopback
 * AL extensions: AL_EXT_ALAW AL_EXT_DOUBLE AL_EXT_EXPONENT_DISTANCE AL_EXT_FLOAT32 AL_EXT_IMA4 AL_EXT_LINEAR_DISTANCE AL_EXT_MCFORMATS AL_EXT_MULAW AL_EXT_MULAW_MCFORMATS AL_EXT_OFFSET AL_EXT_source_distance_model AL_LOKI_quadriphonic AL_SOFT_buffer_samples AL_SOFT_buffer_sub_data AL_SOFTX_deferred_updates AL_SOFT_direct_channels AL_SOFT_loop_points AL_SOFT_source_latency
22:07:13,368 WARN  [ALAudioRenderer] Pausing audio device not supported.
22:07:13,368 INFO  [ALAudioRenderer] Audio effect extension version: 1.0
22:07:13,368 INFO  [ALAudioRenderer] Audio max auxiliary sends: 4
22:07:13,449 INFO  [GuiGlobals] Initializing GuiGlobals with:com.simsilica.lemur.GuiGlobals@790ac06a
22:07:13,459 INFO  [GuiGlobals] Lemur build date:20170212
22:07:13,460 INFO  [BaseStyles] loadStyleResource(com/simsilica/lemur/style/base/glass-styles.groovy)
22:07:13,825 INFO  [BaseStyles] Loading base resource:jar:file:/C:/Users/Asser/.gradle/caches/modules-2/files-2.1/com.simsilica/lemur-proto/1.9.1/6b36149a2ddcd08ea4cc25c9b673e3bf7c390133/lemur-proto-1.9.1.jar!/com/simsilica/lemur/style/base/glass-styles.groovy
22:07:14,217 INFO  [BaseStyles] Loading extension resources for:com/simsilica/lemur/style/base/glass-styles.groovy
22:07:14,218 INFO  [BaseStyles] Loading extension resource:jar:file:/C:/Users/Asser/.gradle/caches/modules-2/files-2.1/com.simsilica/lemur/1.10.1/b5842a13eaa190389d66883d3496ddfd65703790/lemur-1.10.1.jar!/com/simsilica/lemur/style/base/glass-styles.groovy
22:07:15,440 INFO  [MainMenuState] Host a game on port:4271
22:07:15,440 INFO  [MainMenuState] Description:
22:07:15,440 INFO  [MainMenuState] This a game server.
There are many like it
but this one is mine.
22:07:15,577 INFO  [ChatHostedService] chat> System said:The command to start a new module is ~startModule <module>, where <module> is the module you want to start
22:07:15,577 INFO  [ChatHostedService] chat> System said:The command to start a new module is ~stopModule <module>, where <module> is the module you want to stop
22:07:15,578 INFO  [ChatHostedService] chat> System said:The command to start a new module is ~startService <service>, where <service> is the service you want to start
22:07:15,578 INFO  [ChatHostedService] chat> System said:The command to start a new module is ~stopService <service>, where <service> is the service you want to stop
22:07:15,583 INFO  [GameServer] Initializing game systems...
22:07:15,583 TRACE [GameSystemManager] initialize()
22:07:15,584 TRACE [GameSystemManager] initializing:com.simsilica.sim.TaskDispatcher@6f2da6bc
22:07:15,584 TRACE [GameSystemManager] initializing:example.sim.SimplePhysics@3a6287bb
22:07:15,775 TRACE [GameSystemManager] initializing:example.es.states.DecayState@34bc14e4
22:07:15,776 TRACE [GameSystemManager] initializing:example.es.states.HealthState@32a2a4f1
22:07:15,777 TRACE [GameSystemManager] initializing:example.es.states.BountyState@483eda7c
22:07:15,778 TRACE [GameSystemManager] initializing:example.es.states.WeaponStateServer@34596db1
22:07:15,781 TRACE [GameSystemManager] initializing:example.es.states.ArenaState@7ab31cba
22:07:15,785 WARN  [AssetConfig] Cannot find loader com.jme3.scene.plugins.ogre.MeshLoader
22:07:15,786 WARN  [AssetConfig] Cannot find loader com.jme3.scene.plugins.ogre.SkeletonLoader
22:07:15,786 WARN  [AssetConfig] Cannot find loader com.jme3.scene.plugins.ogre.MaterialLoader
22:07:15,787 WARN  [AssetConfig] Cannot find loader com.jme3.scene.plugins.ogre.SceneLoader
22:07:15,787 WARN  [AssetConfig] Cannot find loader com.jme3.scene.plugins.blender.BlenderModelLoader
22:07:15,788 WARN  [AssetConfig] Cannot find loader com.jme3.scene.plugins.fbx.FbxLoader
22:07:15,788 WARN  [AssetConfig] Cannot find loader com.jme3.scene.plugins.gltf.GltfLoader
22:07:15,788 WARN  [AssetConfig] Cannot find loader com.jme3.scene.plugins.gltf.BinLoader
22:07:15,788 WARN  [AssetConfig] Cannot find loader com.jme3.scene.plugins.gltf.GlbLoader
22:07:15,789 WARN  [AssetConfig] Cannot find loader com.jme3.audio.plugins.OGGLoader
22:07:15,790 TRACE [GameSystemManager] initializing:example.es.states.MapStateServer@71f42fba
22:07:15,792 WARN  [AssetConfig] Cannot find loader com.jme3.scene.plugins.ogre.MeshLoader
22:07:15,792 WARN  [AssetConfig] Cannot find loader com.jme3.scene.plugins.ogre.SkeletonLoader
22:07:15,793 WARN  [AssetConfig] Cannot find loader com.jme3.scene.plugins.ogre.MaterialLoader
22:07:15,793 WARN  [AssetConfig] Cannot find loader com.jme3.scene.plugins.ogre.SceneLoader
22:07:15,794 WARN  [AssetConfig] Cannot find loader com.jme3.scene.plugins.blender.BlenderModelLoader
22:07:15,794 WARN  [AssetConfig] Cannot find loader com.jme3.scene.plugins.fbx.FbxLoader
22:07:15,795 WARN  [AssetConfig] Cannot find loader com.jme3.scene.plugins.gltf.GltfLoader
22:07:15,795 WARN  [AssetConfig] Cannot find loader com.jme3.scene.plugins.gltf.BinLoader
22:07:15,796 WARN  [AssetConfig] Cannot find loader com.jme3.scene.plugins.gltf.GlbLoader
22:07:15,796 WARN  [AssetConfig] Cannot find loader com.jme3.audio.plugins.OGGLoader
22:07:15,796 TRACE [GameSystemManager] initializing:example.es.states.GravityState@5cb3bf53
22:07:15,797 TRACE [GameSystemManager] initializing:example.es.states.WarpState@25fd9ca6
22:07:15,797 TRACE [GameSystemManager] initializing:example.es.states.DelayState@612376cf
22:07:15,798 TRACE [GameSystemManager] initializing:example.es.states.ShipFrequencyStateServer@3949e77d
22:07:15,799 INFO  [ChatHostedService] chat> System said:The command to join a team is =<frequyency> where <frequency> is the freq you wish to join
22:07:15,799 TRACE [GameSystemManager] initializing:example.es.states.FlagStateServer@676bc49f
22:07:15,799 TRACE [GameSystemManager] initializing:example.es.states.PathfinderState@6d07a225
22:07:15,828 TRACE [GameSystemManager] initializing:example.es.states.ResourceState@2b0c6c47
22:07:15,828 TRACE [GameSystemManager] initializing:example.es.states.TowerState@463750e1
22:07:15,829 TRACE [GameSystemManager] initializing:example.es.states.GDXAIState@2d076dda
22:07:15,829 TRACE [GameSystemManager] initializing:example.es.states.TowerAttackState@160ff041
22:07:15,833 TRACE [GameSystemManager] initializing:example.es.states.ProjectileCollisionState@499d0259
22:07:15,834 TRACE [GameSystemManager] initializing:example.es.states.DeathState@21b0aa21
22:07:15,834 TRACE [GameSystemManager] initializing:example.net.server.ZoneNetworkSystem@25b92c32
22:07:15,834 TRACE [GameSystemManager] initializing:com.simsilica.es.server.EntityUpdater@520c31ca
22:07:15,834 TRACE [GameSystemManager] initializing:example.sim.BodyPositionPublisher@d81cd04
22:07:15,835 INFO  [GameServer] Starting game server...
22:07:15,835 TRACE [GameSystemManager] start()
22:07:15,835 TRACE [GameSystemManager] starting:com.simsilica.sim.TaskDispatcher@6f2da6bc
22:07:15,835 TRACE [GameSystemManager] starting:example.sim.SimplePhysics@3a6287bb
22:07:15,839 TRACE [GameSystemManager] starting:example.es.states.DecayState@34bc14e4
22:07:15,839 TRACE [GameSystemManager] starting:example.es.states.HealthState@32a2a4f1
22:07:15,839 TRACE [GameSystemManager] starting:example.es.states.BountyState@483eda7c
22:07:15,839 TRACE [GameSystemManager] starting:example.es.states.WeaponStateServer@34596db1
22:07:15,839 TRACE [GameSystemManager] starting:example.es.states.ArenaState@7ab31cba
22:07:15,839 TRACE [GameSystemManager] starting:example.es.states.MapStateServer@71f42fba
22:07:15,839 TRACE [GameSystemManager] starting:example.es.states.GravityState@5cb3bf53
22:07:15,840 TRACE [GameSystemManager] starting:example.es.states.WarpState@25fd9ca6
22:07:15,841 TRACE [GameSystemManager] starting:example.es.states.DelayState@612376cf
22:07:15,841 TRACE [GameSystemManager] starting:example.es.states.ShipFrequencyStateServer@3949e77d
22:07:15,841 TRACE [GameSystemManager] starting:example.es.states.FlagStateServer@676bc49f
22:07:15,841 TRACE [GameSystemManager] starting:example.es.states.PathfinderState@6d07a225
22:07:15,845 TRACE [GameSystemManager] starting:example.es.states.ResourceState@2b0c6c47
22:07:15,845 TRACE [GameSystemManager] starting:example.es.states.TowerState@463750e1
22:07:15,845 TRACE [GameSystemManager] starting:example.es.states.GDXAIState@2d076dda
22:07:15,853 TRACE [GameSystemManager] starting:example.es.states.TowerAttackState@160ff041
22:07:15,853 TRACE [GameSystemManager] starting:example.es.states.ProjectileCollisionState@499d0259
22:07:15,853 TRACE [GameSystemManager] starting:example.es.states.DeathState@21b0aa21
22:07:15,853 TRACE [GameSystemManager] starting:example.net.server.ZoneNetworkSystem@25b92c32
22:07:15,853 TRACE [GameSystemManager] starting:com.simsilica.es.server.EntityUpdater@520c31ca
22:07:15,853 TRACE [GameSystemManager] starting:example.sim.BodyPositionPublisher@d81cd04
22:07:15,872 INFO  [StateCollector] Starting state collector.
22:07:15,872 INFO  [GameServer] Game server started.
22:07:16,473 INFO  [HostState] joinGame()
22:07:16,481 INFO  [ConnectionState] Creating game client for:127.0.0.1 4271
22:07:16,482 INFO  [GameClient] Connecting to:127.0.0.1 4271
22:07:16,508 INFO  [SerializerRegistrationsMessage] Skipping registration of SerializerRegistrationsMessage.
22:07:16,511 INFO  [GameClient] Adding services...
22:07:16,521 DEBUG [AccountClientService] onInitialize(com.jme3.network.service.ClientServiceManager[services=[com.jme3.network.service.serializer.ClientSerializerRegistrationsService[serviceManager.class=class com.jme3.network.service.ClientServiceManager], com.jme3.network.service.rpc.RpcClientService[serviceManager.class=class com.jme3.network.service.ClientServiceManager], com.jme3.network.service.rmi.RmiClientService[serviceManager.class=class com.jme3.network.service.ClientServiceManager], example.net.client.AccountClientService[serviceManager.class=class com.jme3.network.service.ClientServiceManager]]])
22:07:16,521 DEBUG [AccountClientService] Sharing session callback.
22:07:16,522 DEBUG [GameSessionClientService] onInitialize(com.jme3.network.service.ClientServiceManager[services=[com.jme3.network.service.serializer.ClientSerializerRegistrationsService[serviceManager.class=class com.jme3.network.service.ClientServiceManager], com.jme3.network.service.rpc.RpcClientService[serviceManager.class=class com.jme3.network.service.ClientServiceManager], com.jme3.network.service.rmi.RmiClientService[serviceManager.class=class com.jme3.network.service.ClientServiceManager], example.net.client.AccountClientService[serviceManager.class=class com.jme3.network.service.ClientServiceManager], example.net.client.GameSessionClientService[serviceManager.class=class com.jme3.network.service.ClientServiceManager]]])
22:07:16,522 DEBUG [GameSessionClientService] Sharing session callback.
22:07:16,524 DEBUG [ChatClientService] onInitialize(com.jme3.network.service.ClientServiceManager[services=[com.jme3.network.service.serializer.ClientSerializerRegistrationsService[serviceManager.class=class com.jme3.network.service.ClientServiceManager], com.jme3.network.service.rpc.RpcClientService[serviceManager.class=class com.jme3.network.service.ClientServiceManager], com.jme3.network.service.rmi.RmiClientService[serviceManager.class=class com.jme3.network.service.ClientServiceManager], example.net.client.AccountClientService[serviceManager.class=class com.jme3.network.service.ClientServiceManager], example.net.client.GameSessionClientService[serviceManager.class=class com.jme3.network.service.ClientServiceManager], com.simsilica.es.client.EntityDataClientService[serviceManager.class=class com.jme3.network.service.ClientServiceManager], example.net.chat.client.ChatClientService[serviceManager.class=class com.jme3.network.service.ClientServiceManager]]])
22:07:16,524 DEBUG [ChatClientService] Sharing session callback.
22:07:16,529 INFO  [SharedObjectUpdater] onInitialize()
22:07:16,529 INFO  [ConnectionState] Connection established:example.net.client.GameClient@293f89b3
22:07:16,530 INFO  [ConnectionState] Starting client...
22:07:16,530 INFO  [GameClient] start()
22:07:16,532 INFO  [ConnectionState] Client started.
22:07:16,538 INFO  [MessageDebugger] Received:com.jme3.network.message.SerializerRegistrationsMessage@73253978
22:07:16,538 INFO  [SerializerRegistrationsMessage] Skipping registration as registry is locked, presumably by a local server process.
22:07:16,540 INFO  [ConnectionState] Connection established:example.net.client.GameClient@293f89b3
22:07:17,037 DEBUG [AccountHostedService] startHostingOnConnection(Connection[ id=0, reliable=NioEndpoint[1, java.nio.channels.SocketChannel[connected local=/127.0.0.1:4271 remote=/127.0.0.1:60480]], fast=UdpEndpoint[1, /127.0.0.1:53012] ])
22:07:17,041 INFO  [MessageDebugger] Received:RpcCallMessage[#-1, channel=-2, async, objId=-1, procId=0, args.length=1]
22:07:17,041 INFO  [MessageDebugger] Received:RpcCallMessage[#-1, channel=-2, async, objId=-1, procId=1, args.length=4]
22:07:17,044 DEBUG [AccountClientService] start()
22:07:17,045 DEBUG [AccountClientService] delegate:RemoteObject[#1, example.net.AccountSession]
22:07:17,045 DEBUG [GameSessionClientService] start()
22:07:17,045 DEBUG [ChatClientService] start()
22:07:17,045 INFO  [SharedObjectUpdater] start()
22:07:17,046 INFO  [ConnectionState] clientConnected(com.jme3.network.base.DefaultClient@42f0f46c)
22:07:17,056 INFO  [ConnectionState] onConnected()
22:07:17,058 INFO  [MessageDebugger] Received:RpcResponseMessage[#0, result=This a game server.
There are many like it
but this one is mine.]
22:07:17,059 DEBUG [ConnectionState] Server info:This a game server.
There are many like it
but this one is mine.
22:07:17,340 INFO  [ConnectionState] join(Asser)
22:07:17,341 INFO  [AccountHostedService] login(Asser)
22:07:17,341 INFO  [AccountHostedService] Created player entity:EntityId[1] for:Asser
22:07:17,342 DEBUG [AccountHostedService] publishing playerLoggedOn event for:Connection[ id=0, reliable=NioEndpoint[1, java.nio.channels.SocketChannel[connected local=/127.0.0.1:4271 remote=/127.0.0.1:60480]], fast=UdpEndpoint[1, /127.0.0.1:53012] ]
22:07:17,342 DEBUG [GameSessionHostedService] onPlayerLoggedOn()
22:07:17,342 DEBUG [GameSessionHostedService] startHostingOnConnection(Connection[ id=0, reliable=NioEndpoint[1, java.nio.channels.SocketChannel[connected local=/127.0.0.1:4271 remote=/127.0.0.1:60480]], fast=UdpEndpoint[1, /127.0.0.1:53012] ])
22:07:17,342 INFO  [MessageDebugger] Received:RpcCallMessage[#-1, channel=-2, async, objId=1, procId=0, args.length=1]
22:07:17,358 INFO  [MessageDebugger] Received:RpcCallMessage[#-1, channel=-2, async, objId=-1, procId=0, args.length=1]
22:07:17,359 INFO  [MessageDebugger] Received:RpcCallMessage[#-1, channel=-2, async, objId=-1, procId=1, args.length=4]
22:07:17,360 DEBUG [ChatHostedService] startHostingOnConnection(Connection[ id=0, reliable=NioEndpoint[1, java.nio.channels.SocketChannel[connected local=/127.0.0.1:4271 remote=/127.0.0.1:60480]], fast=UdpEndpoint[1, /127.0.0.1:53012] ])
22:07:17,361 INFO  [MessageDebugger] Received:RpcCallMessage[#-1, channel=-2, async, objId=-1, procId=0, args.length=1]
22:07:17,361 INFO  [MessageDebugger] Received:RpcCallMessage[#-1, channel=-2, async, objId=-1, procId=1, args.length=4]
22:07:17,383 INFO  [MessageDebugger] Received:EntityDataMessage[0, [ComponentData[EntityId[2], [BodyPosition[null]]]]]
22:07:17,383 INFO  [MessageDebugger] Received:ComponentChangeMessage[[EntityChange[EntityId[2], BodyPosition[null], class example.es.BodyPosition]]]
22:07:17,383 INFO  [MessageDebugger] Object state updates started.
22:07:17,390 INFO  [HealthState] Applying 1 to:Entity[EntityId[2], values=[HitPoints[100]]] result:HitPoints[100]
22:07:17,407 INFO  [HealthState] Applying 1 to:Entity[EntityId[2], values=[HitPoints[101]]] result:HitPoints[101]
22:07:17,423 INFO  [HealthState] Applying 1 to:Entity[EntityId[2], values=[HitPoints[102]]] result:HitPoints[102]
22:07:17,439 INFO  [HealthState] Applying 1 to:Entity[EntityId[2], values=[HitPoints[103]]] result:HitPoints[103]
22:07:17,456 INFO  [HealthState] Applying 1 to:Entity[EntityId[2], values=[HitPoints[104]]] result:HitPoints[104]
22:07:17,473 INFO  [HealthState] Applying 1 to:Entity[EntityId[2], values=[HitPoints[105]]] result:HitPoints[105]
22:07:17,489 INFO  [HealthState] Applying 1 to:Entity[EntityId[2], values=[HitPoints[106]]] result:HitPoints[106]
22:07:17,497 INFO  [PlayerMovementState] initialize()
22:07:17,499 INFO  [PlayerMovementState] onEnable()
22:07:17,501 INFO  [MessageDebugger] Received:EntityDataMessage[2, [ComponentData[EntityId[2], [Name[Asser], BodyPosition[null]]]]]
22:07:17,506 INFO  [HealthState] Applying 1 to:Entity[EntityId[2], values=[HitPoints[107]]] result:HitPoints[107]
22:07:17,510 INFO  [MessageDebugger] Received:EntityDataMessage[3, [ComponentData[EntityId[2], [ShipType[type=7], example.es.Frequency@3614ce69]]]]
22:07:17,511 DEBUG [GameSessionClientService] delegate:RemoteObject[#2, example.net.GameSession]
22:07:17,511 INFO  [MessageDebugger] Received:EntityDataMessage[5, [ComponentData[EntityId[2], [example.es.Gold@38d326db]]]]
22:07:17,512 INFO  [MessageDebugger] Received:RpcResponseMessage[#1, result=EntityId[2]]
22:07:17,514 INFO  [MessageDebugger] Received:EntityDataMessage[6, [ComponentData[EntityId[2], [ViewType[type=6], BodyPosition[null]]]]]
22:07:17,514 INFO  [MessageDebugger] Received:EntityDataMessage[7, [ComponentData[EntityId[0], [ViewType[type=0], Position{location=Vec3[0.0, 0.0, 0.0], facing=Quatd[0.0, 0.0, 0.0, 1.0], rotation=0.0}]], ComponentData[EntityId[2], [ViewType[type=6], Position{location=Vec3[0.0, 0.0, 0.0], facing=Quatd[0.0, 0.0, 0.0, 1.0], rotation=0.0}]]]]
22:07:17,523 INFO  [HealthState] Applying 1 to:Entity[EntityId[2], values=[HitPoints[108]]] result:HitPoints[108]
22:07:17,539 INFO  [HealthState] Applying 1 to:Entity[EntityId[2], values=[HitPoints[109]]] result:HitPoints[109]
22:07:17,549 INFO  [GameSessionState] initialize()
22:07:17,550 INFO  [MessageDebugger] Received:RpcResponseMessage[#2, result=EntityId[1]]
22:07:17,550 INFO  [MessageDebugger] Received:RpcResponseMessage[#3, result=EntityId[2]]
22:07:17,550 INFO  [GameSessionState] Player object:EntityId[2]
22:07:17,553 INFO  [MessageDebugger] Received:StringIdMessage[id=null, string=arena]
22:07:17,555 INFO  [MessageDebugger] Received:StringIdMessage[id=null, string=ship_warbird]
22:07:17,556 INFO  [HealthState] Applying 1 to:Entity[EntityId[2], values=[HitPoints[110]]] result:HitPoints[110]
22:07:17,573 INFO  [HealthState] Applying 1 to:Entity[EntityId[2], values=[HitPoints[111]]] result:HitPoints[111]
22:07:17,591 INFO  [HealthState] Applying 1 to:Entity[EntityId[2], values=[HitPoints[112]]] result:HitPoints[112]
22:07:17,606 INFO  [HealthState] Applying 1 to:Entity[EntityId[2], values=[HitPoints[113]]] result:HitPoints[113]
22:07:17,623 INFO  [HealthState] Applying 1 to:Entity[EntityId[2], values=[HitPoints[114]]] result:HitPoints[114]
22:07:17,640 INFO  [HealthState] Applying 1 to:Entity[EntityId[2], values=[HitPoints[115]]] result:HitPoints[115]
22:07:17,656 INFO  [HealthState] Applying 1 to:Entity[EntityId[2], values=[HitPoints[116]]] result:HitPoints[116]
22:07:17,672 INFO  [HealthState] Applying 1 to:Entity[EntityId[2], values=[HitPoints[117]]] result:HitPoints[117]
22:07:17,689 INFO  [HealthState] Applying 1 to:Entity[EntityId[2], values=[HitPoints[118]]] result:HitPoints[118]
22:07:17,706 INFO  [HealthState] Applying 1 to:Entity[EntityId[2], values=[HitPoints[119]]] result:HitPoints[119]
22:07:17,723 INFO  [HealthState] Applying 1 to:Entity[EntityId[2], values=[HitPoints[120]]] result:HitPoints[120]
22:07:17,739 INFO  [HealthState] Applying 1 to:Entity[EntityId[2], values=[HitPoints[121]]] result:HitPoints[121]
22:07:17,756 INFO  [HealthState] Applying 1 to:Entity[EntityId[2], values=[HitPoints[122]]] result:HitPoints[122]
22:07:17,773 INFO  [HealthState] Applying 1 to:Entity[EntityId[2], values=[HitPoints[123]]] result:HitPoints[123]
22:07:17,789 INFO  [HealthState] Applying 1 to:Entity[EntityId[2], values=[HitPoints[124]]] result:HitPoints[124]
22:07:17,806 INFO  [HealthState] Applying 1 to:Entity[EntityId[2], values=[HitPoints[125]]] result:HitPoints[125]
22:07:17,823 INFO  [HealthState] Applying 1 to:Entity[EntityId[2], values=[HitPoints[126]]] result:HitPoints[126]
22:07:17,839 INFO  [HealthState] Applying 1 to:Entity[EntityId[2], values=[HitPoints[127]]] result:HitPoints[127]
22:07:17,856 INFO  [HealthState] Applying 1 to:Entity[EntityId[2], values=[HitPoints[128]]] result:HitPoints[128]
22:07:17,872 INFO  [HealthState] Applying 1 to:Entity[EntityId[2], values=[HitPoints[129]]] result:HitPoints[129]
22:07:17,889 INFO  [HealthState] Applying 1 to:Entity[EntityId[2], values=[HitPoints[130]]] result:HitPoints[130]
22:07:17,906 INFO  [HealthState] Applying 1 to:Entity[EntityId[2], values=[HitPoints[131]]] result:HitPoints[131]
22:07:17,922 INFO  [HealthState] Applying 1 to:Entity[EntityId[2], values=[HitPoints[132]]] result:HitPoints[132]
22:07:17,923 INFO  [MessageDebugger] Received:ComponentChangeMessage[[EntityChange[EntityId[2], example.es.Gold@3ceca519, class example.es.Gold]]]
22:07:17,939 INFO  [HealthState] Applying 1 to:Entity[EntityId[2], values=[HitPoints[133]]] result:HitPoints[133]
22:07:17,956 INFO  [HealthState] Applying 1 to:Entity[EntityId[2], values=[HitPoints[134]]] result:HitPoints[134]
22:07:17,972 INFO  [HealthState] Applying 1 to:Entity[EntityId[2], values=[HitPoints[135]]] result:HitPoints[135]
22:07:17,989 INFO  [HealthState] Applying 1 to:Entity[EntityId[2], values=[HitPoints[136]]] result:HitPoints[136]
22:07:18,006 INFO  [HealthState] Applying 1 to:Entity[EntityId[2], values=[HitPoints[137]]] result:HitPoints[137]
22:07:18,022 INFO  [HealthState] Applying 1 to:Entity[EntityId[2], values=[HitPoints[138]]] result:HitPoints[138]
22:07:18,039 INFO  [HealthState] Applying 1 to:Entity[EntityId[2], values=[HitPoints[139]]] result:HitPoints[139]
22:07:18,056 INFO  [HealthState] Applying 1 to:Entity[EntityId[2], values=[HitPoints[140]]] result:HitPoints[140]
22:07:18,072 INFO  [HealthState] Applying 1 to:Entity[EntityId[2], values=[HitPoints[141]]] result:HitPoints[141]
22:07:18,089 INFO  [HealthState] Applying 1 to:Entity[EntityId[2], values=[HitPoints[142]]] result:HitPoints[142]
22:07:18,106 INFO  [HealthState] Applying 1 to:Entity[EntityId[2], values=[HitPoints[143]]] result:HitPoints[143]
22:07:18,122 INFO  [HealthState] Applying 1 to:Entity[EntityId[2], values=[HitPoints[144]]] result:HitPoints[144]
22:07:18,139 INFO  [HealthState] Applying 1 to:Entity[EntityId[2], values=[HitPoints[145]]] result:HitPoints[145]
22:07:18,156 INFO  [HealthState] Applying 1 to:Entity[EntityId[2], values=[HitPoints[146]]] result:HitPoints[146]
22:07:18,173 INFO  [HealthState] Applying 1 to:Entity[EntityId[2], values=[HitPoints[147]]] result:HitPoints[147]
22:07:18,189 INFO  [HealthState] Applying 1 to:Entity[EntityId[2], values=[HitPoints[148]]] result:HitPoints[148]
22:07:18,206 INFO  [HealthState] Applying 1 to:Entity[EntityId[2], values=[HitPoints[149]]] result:HitPoints[149]
22:07:18,223 INFO  [HealthState] Applying 1 to:Entity[EntityId[2], values=[HitPoints[150]]] result:HitPoints[150]
22:07:18,239 INFO  [HealthState] Applying 1 to:Entity[EntityId[2], values=[HitPoints[151]]] result:HitPoints[151]
22:07:18,256 INFO  [HealthState] Applying 1 to:Entity[EntityId[2], values=[HitPoints[152]]] result:HitPoints[152]
22:07:18,273 INFO  [HealthState] Applying 1 to:Entity[EntityId[2], values=[HitPoints[153]]] result:HitPoints[153]
22:07:18,289 INFO  [HealthState] Applying 1 to:Entity[EntityId[2], values=[HitPoints[154]]] result:HitPoints[154]
22:07:18,306 INFO  [HealthState] Applying 1 to:Entity[EntityId[2], values=[HitPoints[155]]] result:HitPoints[155]
22:07:18,323 INFO  [HealthState] Applying 1 to:Entity[EntityId[2], values=[HitPoints[156]]] result:HitPoints[156]
22:07:18,339 INFO  [HealthState] Applying 1 to:Entity[EntityId[2], values=[HitPoints[157]]] result:HitPoints[157]
22:07:18,356 INFO  [HealthState] Applying 1 to:Entity[EntityId[2], values=[HitPoints[158]]] result:HitPoints[158]
22:07:18,373 INFO  [HealthState] Applying 1 to:Entity[EntityId[2], values=[HitPoints[159]]] result:HitPoints[159]
22:07:18,389 INFO  [HealthState] Applying 1 to:Entity[EntityId[2], values=[HitPoints[160]]] result:HitPoints[160]
22:07:18,406 INFO  [HealthState] Applying 1 to:Entity[EntityId[2], values=[HitPoints[161]]] result:HitPoints[161]
22:07:18,423 INFO  [HealthState] Applying 1 to:Entity[EntityId[2], values=[HitPoints[162]]] result:HitPoints[162]
22:07:18,439 INFO  [HealthState] Applying 1 to:Entity[EntityId[2], values=[HitPoints[163]]] result:HitPoints[163]
22:07:18,456 INFO  [HealthState] Applying 1 to:Entity[EntityId[2], values=[HitPoints[164]]] result:HitPoints[164]
22:07:18,473 INFO  [HealthState] Applying 1 to:Entity[EntityId[2], values=[HitPoints[165]]] result:HitPoints[165]
22:07:18,489 INFO  [HealthState] Applying 1 to:Entity[EntityId[2], values=[HitPoints[166]]] result:HitPoints[166]
22:07:18,506 INFO  [HealthState] Applying 1 to:Entity[EntityId[2], values=[HitPoints[167]]] result:HitPoints[167]
22:07:18,523 INFO  [HealthState] Applying 1 to:Entity[EntityId[2], values=[HitPoints[168]]] result:HitPoints[168]
22:07:18,539 INFO  [HealthState] Applying 1 to:Entity[EntityId[2], values=[HitPoints[169]]] result:HitPoints[169]
22:07:18,556 INFO  [HealthState] Applying 1 to:Entity[EntityId[2], values=[HitPoints[170]]] result:HitPoints[170]
22:07:18,572 INFO  [HealthState] Applying 1 to:Entity[EntityId[2], values=[HitPoints[171]]] result:HitPoints[171]
22:07:18,589 INFO  [HealthState] Applying 1 to:Entity[EntityId[2], values=[HitPoints[172]]] result:HitPoints[172]
22:07:18,606 INFO  [HealthState] Applying 1 to:Entity[EntityId[2], values=[HitPoints[173]]] result:HitPoints[173]
22:07:18,622 INFO  [HealthState] Applying 1 to:Entity[EntityId[2], values=[HitPoints[174]]] result:HitPoints[174]
22:07:18,639 INFO  [HealthState] Applying 1 to:Entity[EntityId[2], values=[HitPoints[175]]] result:HitPoints[175]
22:07:18,656 INFO  [HealthState] Applying 1 to:Entity[EntityId[2], values=[HitPoints[176]]] result:HitPoints[176]
22:07:18,672 INFO  [HealthState] Applying 1 to:Entity[EntityId[2], values=[HitPoints[177]]] result:HitPoints[177]
22:07:18,689 INFO  [HealthState] Applying 1 to:Entity[EntityId[2], values=[HitPoints[178]]] result:HitPoints[178]
22:07:18,706 INFO  [HealthState] Applying 1 to:Entity[EntityId[2], values=[HitPoints[179]]] result:HitPoints[179]
22:07:18,722 INFO  [HealthState] Applying 1 to:Entity[EntityId[2], values=[HitPoints[180]]] result:HitPoints[180]
22:07:18,739 INFO  [HealthState] Applying 1 to:Entity[EntityId[2], values=[HitPoints[181]]] result:HitPoints[181]
22:07:18,756 INFO  [HealthState] Applying 1 to:Entity[EntityId[2], values=[HitPoints[182]]] result:HitPoints[182]
22:07:18,772 INFO  [HealthState] Applying 1 to:Entity[EntityId[2], values=[HitPoints[183]]] result:HitPoints[183]
22:07:18,789 INFO  [HealthState] Applying 1 to:Entity[EntityId[2], values=[HitPoints[184]]] result:HitPoints[184]
22:07:18,806 INFO  [HealthState] Applying 1 to:Entity[EntityId[2], values=[HitPoints[185]]] result:HitPoints[185]
22:07:18,822 INFO  [HealthState] Applying 1 to:Entity[EntityId[2], values=[HitPoints[186]]] result:HitPoints[186]
22:07:18,839 INFO  [HealthState] Applying 1 to:Entity[EntityId[2], values=[HitPoints[187]]] result:HitPoints[187]
22:07:18,856 INFO  [HealthState] Applying 1 to:Entity[EntityId[2], values=[HitPoints[188]]] result:HitPoints[188]
22:07:18,873 INFO  [HealthState] Applying 1 to:Entity[EntityId[2], values=[HitPoints[189]]] result:HitPoints[189]
22:07:18,889 INFO  [HealthState] Applying 1 to:Entity[EntityId[2], values=[HitPoints[190]]] result:HitPoints[190]
22:07:18,906 INFO  [HealthState] Applying 1 to:Entity[EntityId[2], values=[HitPoints[191]]] result:HitPoints[191]
22:07:18,922 INFO  [HealthState] Applying 1 to:Entity[EntityId[2], values=[HitPoints[192]]] result:HitPoints[192]
22:07:18,923 INFO  [MessageDebugger] Received:ComponentChangeMessage[[EntityChange[EntityId[2], example.es.Gold@79ee2ce0, class example.es.Gold]]]
22:07:18,939 INFO  [HealthState] Applying 1 to:Entity[EntityId[2], values=[HitPoints[193]]] result:HitPoints[193]
22:07:18,956 INFO  [HealthState] Applying 1 to:Entity[EntityId[2], values=[HitPoints[194]]] result:HitPoints[194]
22:07:18,973 INFO  [HealthState] Applying 1 to:Entity[EntityId[2], values=[HitPoints[195]]] result:HitPoints[195]
22:07:18,989 INFO  [HealthState] Applying 1 to:Entity[EntityId[2], values=[HitPoints[196]]] result:HitPoints[196]
22:07:19,006 INFO  [HealthState] Applying 1 to:Entity[EntityId[2], values=[HitPoints[197]]] result:HitPoints[197]
22:07:19,023 INFO  [HealthState] Applying 1 to:Entity[EntityId[2], values=[HitPoints[198]]] result:HitPoints[198]
22:07:19,039 INFO  [HealthState] Applying 1 to:Entity[EntityId[2], values=[HitPoints[199]]] result:HitPoints[199]
22:07:19,056 INFO  [HealthState] Applying 1 to:Entity[EntityId[2], values=[HitPoints[200]]] result:HitPoints[200]
22:07:19,923 INFO  [MessageDebugger] Received:ComponentChangeMessage[[EntityChange[EntityId[2], example.es.Gold@6999c232, class example.es.Gold]]]
22:07:20,923 INFO  [MessageDebugger] Received:ComponentChangeMessage[[EntityChange[EntityId[2], example.es.Gold@48ddd424, class example.es.Gold]]]
22:07:21,923 INFO  [MessageDebugger] Received:ComponentChangeMessage[[EntityChange[EntityId[2], example.es.Gold@3eee1af7, class example.es.Gold]]]
22:07:22,923 INFO  [MessageDebugger] Received:ComponentChangeMessage[[EntityChange[EntityId[2], example.es.Gold@18b495fa, class example.es.Gold]]]
22:07:23,923 INFO  [MessageDebugger] Received:ComponentChangeMessage[[EntityChange[EntityId[2], example.es.Gold@a44c89b, class example.es.Gold]]]
22:07:24,923 INFO  [MessageDebugger] Received:ComponentChangeMessage[[EntityChange[EntityId[2], example.es.Gold@1d8f2ed7, class example.es.Gold]]]
22:07:25,923 INFO  [MessageDebugger] Received:ComponentChangeMessage[[EntityChange[EntityId[2], example.es.Gold@53f8b633, class example.es.Gold]]]
22:07:26,923 INFO  [MessageDebugger] Received:ComponentChangeMessage[[EntityChange[EntityId[2], example.es.Gold@6f5fe2f3, class example.es.Gold]]]
22:07:27,923 INFO  [MessageDebugger] Received:ComponentChangeMessage[[EntityChange[EntityId[2], example.es.Gold@43f3ef93, class example.es.Gold]]]
22:07:28,923 INFO  [MessageDebugger] Received:ComponentChangeMessage[[EntityChange[EntityId[2], example.es.Gold@276e88ac, class example.es.Gold]]]
22:07:29,923 INFO  [MessageDebugger] Received:ComponentChangeMessage[[EntityChange[EntityId[2], example.es.Gold@31b1eb5c, class example.es.Gold]]]
22:07:30,923 INFO  [MessageDebugger] Received:ComponentChangeMessage[[EntityChange[EntityId[2], example.es.Gold@21e9cfe3, class example.es.Gold]]]
22:07:31,702 INFO  [MessageDebugger] Received:RpcResponseMessage[#4, result=null]
22:07:31,709 ERROR [StateCollector] Collection error
java.lang.RuntimeException: Very bad things have happened in the receivedAcks set.
	at com.simsilica.ethereal.net.StateWriter.startMessage(StateWriter.java:227) ~[SimEthereal--SNAPSHOT.jar:?]
	at com.simsilica.ethereal.net.StateWriter.startFrame(StateWriter.java:194) ~[SimEthereal--SNAPSHOT.jar:?]
	at com.simsilica.ethereal.NetworkStateListener.endFrame(NetworkStateListener.java:286) ~[SimEthereal--SNAPSHOT.jar:?]
	at com.simsilica.ethereal.zone.StateCollector.publishFrame(StateCollector.java:214) ~[SimEthereal--SNAPSHOT.jar:?]
	at com.simsilica.ethereal.zone.StateCollector.collect(StateCollector.java:246) [SimEthereal--SNAPSHOT.jar:?]
	at com.simsilica.ethereal.zone.StateCollector$Runner.run(StateCollector.java:301) [SimEthereal--SNAPSHOT.jar:?]
22:08:01,301 INFO  [GameServer] Stopping game server...Shutting down.
